<?xml version="1.0" encoding="UTF-8" standalone="no"?>
<!DOCTYPE log SYSTEM "logger.dtd">
<log>
<record>
  <date>2018-07-21T00:37:05.318-0300</date>
  <logger>ANDERSON FELLIPE DE VASCONCELOS VIDAL</logger>
  <level>FINE</level>
  <message>File 117110162-ANDERSON FELLIPE DE VASCONCELOS VIDAL.zip was received. It was sent by ANDERSON FELLIPE DE VASCONCELOS VIDAL from IP 192.168.0.105</message>
</record>
</log>
<?xml version="1.0" encoding="UTF-8" standalone="no"?>
<!DOCTYPE log SYSTEM "logger.dtd">
<log>
<record>
  <date>2018-07-21T02:00:34.221-0300</date>
  <logger>ANDERSON FELLIPE DE VASCONCELOS VIDAL</logger>
  <level>FINE</level>
  <message>File 117110162-ANDERSON FELLIPE DE VASCONCELOS VIDAL.zip was received. It was sent by ANDERSON FELLIPE DE VASCONCELOS VIDAL from IP 192.168.0.105</message>
</record>
</log>
<?xml version="1.0" encoding="UTF-8" standalone="no"?>
<!DOCTYPE log SYSTEM "logger.dtd">
<log>
<record>
  <date>2018-07-21T02:35:58.476-0300</date>
  <logger>ANDERSON FELLIPE DE VASCONCELOS VIDAL</logger>
  <level>FINE</level>
  <message>File 117110162-ANDERSON FELLIPE DE VASCONCELOS VIDAL.zip was received. It was sent by ANDERSON FELLIPE DE VASCONCELOS VIDAL from IP 192.168.0.105</message>
</record>
</log>
<?xml version="1.0" encoding="UTF-8" standalone="no"?>
<!DOCTYPE log SYSTEM "logger.dtd">
<log>
<record>
  <date>2018-07-21T11:02:26.494-0300</date>
  <logger>ANDERSON FELLIPE DE VASCONCELOS VIDAL</logger>
  <level>FINE</level>
  <message>File 117110162-ANDERSON FELLIPE DE VASCONCELOS VIDAL.zip was received. It was sent by ANDERSON FELLIPE DE VASCONCELOS VIDAL from IP 192.168.0.105</message>
</record>
