<?xml version="1.0" encoding="UTF-8" standalone="no"?>
<!DOCTYPE log SYSTEM "logger.dtd">
<log>
<record>
  <date>2018-07-09T16:14:22.346-0300</date>
  <logger>ANDERSON FELLIPE DE VASCONCELOS VIDAL</logger>
  <level>FINE</level>
  <message>File 117110162-ANDERSON FELLIPE DE VASCONCELOS VIDAL.zip was received. It was sent by ANDERSON FELLIPE DE VASCONCELOS VIDAL from IP 150.165.42.112</message>
</record>
</log>
<?xml version="1.0" encoding="UTF-8" standalone="no"?>
<!DOCTYPE log SYSTEM "logger.dtd">
<log>
<record>
  <date>2018-07-10T21:17:29.136-0300</date>
  <logger>ANDERSON FELLIPE DE VASCONCELOS VIDAL</logger>
  <level>FINE</level>
  <message>File 117110162-ANDERSON FELLIPE DE VASCONCELOS VIDAL.zip was received. It was sent by ANDERSON FELLIPE DE VASCONCELOS VIDAL from IP 192.168.131.25</message>
</record>
</log>
<?xml version="1.0" encoding="UTF-8" standalone="no"?>
<!DOCTYPE log SYSTEM "logger.dtd">
<log>
<record>
  <date>2018-07-11T14:26:21.362-0300</date>
  <logger>ANDERSON FELLIPE DE VASCONCELOS VIDAL</logger>
  <level>FINE</level>
  <message>File 117110162-ANDERSON FELLIPE DE VASCONCELOS VIDAL.zip was received. It was sent by ANDERSON FELLIPE DE VASCONCELOS VIDAL from IP 192.168.131.25</message>
</record>
